android/app/build/intermediates/manifest_merge_blame_file/release/manifest-merger-blame-release-report.txt
1<?xml version="1.0" encoding="utf-8"?>
2<manifest xmlns:android="http://schemas.android.com/apk/res/android"
3    package="appinventor.ai_app_beep_nl.BEEP_commissioning_V06"
4    android:versionCode="80"
5    android:versionName="2.0.9" >
6
7    <uses-sdk
8        android:minSdkVersion="21"
8-->src/main/AndroidManifest.xml
9        android:targetSdkVersion="31" />
9-->src/main/AndroidManifest.xml
10
11    <uses-permission android:name="android.permission.INTERNET" />
11-->src/main/AndroidManifest.xml:4:5-67
11-->src/main/AndroidManifest.xml:4:22-64
12
13    <!-- Request legacy Bluetooth permissions on older devices. -->
14    <uses-permission
14-->src/main/AndroidManifest.xml:7:5-8:51
15        android:name="android.permission.BLUETOOTH"
15-->src/main/AndroidManifest.xml:7:22-65
16        android:maxSdkVersion="30" />
16-->src/main/AndroidManifest.xml:8:22-48
17    <!-- Most apps need this permission solely for the ability to discover local Bluetooth devices -->
18    <uses-permission
18-->src/main/AndroidManifest.xml:10:5-11:51
19        android:name="android.permission.BLUETOOTH_ADMIN"
19-->src/main/AndroidManifest.xml:10:22-71
20        android:maxSdkVersion="30" />
20-->src/main/AndroidManifest.xml:11:22-48
21
22    <!-- Needed only if your app looks for Bluetooth devices. -->
23    <uses-permission
23-->src/main/AndroidManifest.xml:14:5-15:71
24        android:name="android.permission.BLUETOOTH_SCAN"
24-->src/main/AndroidManifest.xml:14:22-70
25        android:usesPermissionFlags="neverForLocation" />
25-->src/main/AndroidManifest.xml:15:22-68
26
27    <!-- Needed only if your app communicates with already-paired Bluetooth devices. -->
28    <uses-permission android:name="android.permission.BLUETOOTH_CONNECT" />
28-->src/main/AndroidManifest.xml:18:5-76
28-->src/main/AndroidManifest.xml:18:22-73
29
30    <!-- is necessary because on Android 11 and lower a Bluetooth scan could potentially be used to gather information about the location of the user. -->
31    <uses-permission android:name="android.permission.ACCESS_FINE_LOCATION" />
31-->src/main/AndroidManifest.xml:21:5-79
31-->src/main/AndroidManifest.xml:21:22-76
32    <!-- If your app targets Android 9 (API level 28) or lower, you can declare the ACCESS_COARSE_LOCATION permission instead of the ACCESS_FINE_LOCATION permission. -->
33    <uses-permission android:name="android.permission.ACCESS_COARSE_LOCATION" />
33-->src/main/AndroidManifest.xml:23:5-81
33-->src/main/AndroidManifest.xml:23:22-78
34
35    <uses-permission-sdk-23 android:name="android.permission.ACCESS_FINE_LOCATION" />
35-->src/main/AndroidManifest.xml:24:5-85
35-->src/main/AndroidManifest.xml:24:29-83
36
37    <!-- If Bluetooth is a critical piece of your app, you can add flags to your manifest file indicating this requirement. -->
38    <uses-feature
38-->src/main/AndroidManifest.xml:27:5-89
39        android:name="android.hardware.bluetooth_le"
39-->src/main/AndroidManifest.xml:27:19-63
40        android:required="true" />
40-->src/main/AndroidManifest.xml:27:64-87
41
42    <!-- DFU -->
43    <uses-permission android:name="android.permission.FOREGROUND_SERVICE" />
43-->src/main/AndroidManifest.xml:30:5-77
43-->src/main/AndroidManifest.xml:30:22-74
44
45    <queries>
45-->src/main/AndroidManifest.xml:32:5-37:15
46        <intent>
46-->src/main/AndroidManifest.xml:33:9-36:18
47            <action android:name="android.intent.action.VIEW" />
47-->src/main/AndroidManifest.xml:34:13-65
47-->src/main/AndroidManifest.xml:34:21-62
48
49            <data android:scheme="https" />
49-->src/main/AndroidManifest.xml:35:13-43
49-->src/main/AndroidManifest.xml:35:19-41
50        </intent>
51    </queries>
52
53    <uses-permission android:name="android.permission.WRITE_EXTERNAL_STORAGE" />
53-->[:react-native-fs] AndroidManifest.xml:11:5-81
53-->[:react-native-fs] AndroidManifest.xml:11:22-78
54    <uses-permission android:name="android.permission.ACCESS_NETWORK_STATE" />
54-->[com.google.firebase:firebase-auth:21.1.0] AndroidManifest.xml:24:5-79
54-->[com.google.firebase:firebase-auth:21.1.0] AndroidManifest.xml:24:22-76
55    <uses-permission android:name="android.permission.WAKE_LOCK" />
55-->[com.google.android.gms:play-services-measurement-api:21.2.0] AndroidManifest.xml:24:5-68
55-->[com.google.android.gms:play-services-measurement-api:21.2.0] AndroidManifest.xml:24:22-65
56    <uses-permission android:name="com.google.android.gms.permission.AD_ID" />
56-->[com.google.android.gms:play-services-measurement-api:21.2.0] AndroidManifest.xml:25:5-79
56-->[com.google.android.gms:play-services-measurement-api:21.2.0] AndroidManifest.xml:25:22-76
57    <uses-permission android:name="com.google.android.finsky.permission.BIND_GET_INSTALL_REFERRER_SERVICE" />
57-->[com.google.android.gms:play-services-measurement:21.2.0] AndroidManifest.xml:26:5-110
57-->[com.google.android.gms:play-services-measurement:21.2.0] AndroidManifest.xml:26:22-107
58
59    <application
59-->src/main/AndroidManifest.xml:39:5-58:19
60        android:name="appinventor.ai_app_beep_nl.BEEP_commissioning_V06.MainApplication"
60-->src/main/AndroidManifest.xml:40:7-38
61        android:allowBackup="false"
61-->src/main/AndroidManifest.xml:43:7-34
62        android:appComponentFactory="androidx.core.app.CoreComponentFactory"
62-->[androidx.core:core:1.7.0] AndroidManifest.xml:24:18-86
63        android:icon="@mipmap/ic_launcher"
63-->src/main/AndroidManifest.xml:42:7-41
64        android:label="@string/app_name"
64-->src/main/AndroidManifest.xml:41:7-39
65        android:requestLegacyExternalStorage="true"
65-->src/main/AndroidManifest.xml:44:7-50
66        android:theme="@style/AppTheme" >
66-->src/main/AndroidManifest.xml:45:7-38
67        <activity
67-->src/main/AndroidManifest.xml:46:7-57:18
68            android:name="appinventor.ai_app_beep_nl.BEEP_commissioning_V06.MainActivity"
68-->src/main/AndroidManifest.xml:47:9-37
69            android:configChanges="keyboard|keyboardHidden|orientation|screenSize|uiMode"
69-->src/main/AndroidManifest.xml:50:9-86
70            android:exported="true"
70-->src/main/AndroidManifest.xml:48:9-32
71            android:label="@string/app_name"
71-->src/main/AndroidManifest.xml:49:9-41
72            android:launchMode="singleTask"
72-->src/main/AndroidManifest.xml:51:9-40
73            android:windowSoftInputMode="adjustResize" >
73-->src/main/AndroidManifest.xml:52:9-51
74            <intent-filter>
74-->src/main/AndroidManifest.xml:53:9-56:25
75                <action android:name="android.intent.action.MAIN" />
75-->src/main/AndroidManifest.xml:54:13-65
75-->src/main/AndroidManifest.xml:54:21-62
76
77                <category android:name="android.intent.category.LAUNCHER" />
77-->src/main/AndroidManifest.xml:55:13-73
77-->src/main/AndroidManifest.xml:55:23-70
78            </intent-filter>
79        </activity>
80
81        <service android:name="com.pilloxa.dfu.DfuService" />
81-->[:react-native-nordic-dfu] AndroidManifest.xml:12:9-62
81-->[:react-native-nordic-dfu] AndroidManifest.xml:12:18-59
82        <service
82-->[com.google.firebase:firebase-crashlytics:18.3.1] AndroidManifest.xml:14:9-20:19
83            android:name="com.google.firebase.components.ComponentDiscoveryService"
83-->[com.google.firebase:firebase-crashlytics:18.3.1] AndroidManifest.xml:15:13-84
84            android:directBootAware="true"
84-->[com.google.firebase:firebase-common:20.2.0] AndroidManifest.xml:34:13-43
85            android:exported="false" >
85-->[com.google.firebase:firebase-crashlytics:18.3.1] AndroidManifest.xml:16:13-37
86            <meta-data
86-->[com.google.firebase:firebase-crashlytics:18.3.1] AndroidManifest.xml:17:13-19:85
87                android:name="com.google.firebase.components:com.google.firebase.crashlytics.CrashlyticsRegistrar"
87-->[com.google.firebase:firebase-crashlytics:18.3.1] AndroidManifest.xml:18:17-115
88                android:value="com.google.firebase.components.ComponentRegistrar" />
88-->[com.google.firebase:firebase-crashlytics:18.3.1] AndroidManifest.xml:19:17-82
89            <meta-data
89-->[com.google.firebase:firebase-auth:21.1.0] AndroidManifest.xml:67:13-69:85
90                android:name="com.google.firebase.components:com.google.firebase.auth.FirebaseAuthRegistrar"
90-->[com.google.firebase:firebase-auth:21.1.0] AndroidManifest.xml:68:17-109
91                android:value="com.google.firebase.components.ComponentRegistrar" />
91-->[com.google.firebase:firebase-auth:21.1.0] AndroidManifest.xml:69:17-82
92            <meta-data
92-->[com.google.firebase:firebase-firestore:24.4.0] AndroidManifest.xml:19:13-21:85
93                android:name="com.google.firebase.components:com.google.firebase.firestore.FirestoreRegistrar"
93-->[com.google.firebase:firebase-firestore:24.4.0] AndroidManifest.xml:20:17-111
94                android:value="com.google.firebase.components.ComponentRegistrar" />
94-->[com.google.firebase:firebase-firestore:24.4.0] AndroidManifest.xml:21:17-82
95            <meta-data
95-->[com.google.android.gms:play-services-measurement-api:21.2.0] AndroidManifest.xml:31:13-33:85
96                android:name="com.google.firebase.components:com.google.firebase.analytics.connector.internal.AnalyticsConnectorRegistrar"
96-->[com.google.android.gms:play-services-measurement-api:21.2.0] AndroidManifest.xml:32:17-139
97                android:value="com.google.firebase.components.ComponentRegistrar" />
97-->[com.google.android.gms:play-services-measurement-api:21.2.0] AndroidManifest.xml:33:17-82
98            <meta-data
98-->[com.google.firebase:firebase-installations:17.1.0] AndroidManifest.xml:17:13-19:85
99                android:name="com.google.firebase.components:com.google.firebase.installations.FirebaseInstallationsRegistrar"
99-->[com.google.firebase:firebase-installations:17.1.0] AndroidManifest.xml:18:17-127
100                android:value="com.google.firebase.components.ComponentRegistrar" />
100-->[com.google.firebase:firebase-installations:17.1.0] AndroidManifest.xml:19:17-82
101        </service>
102
103        <activity
103-->[com.google.firebase:firebase-auth:21.1.0] AndroidManifest.xml:27:9-44:20
104            android:name="com.google.firebase.auth.internal.GenericIdpActivity"
104-->[com.google.firebase:firebase-auth:21.1.0] AndroidManifest.xml:28:13-80
105            android:excludeFromRecents="true"
105-->[com.google.firebase:firebase-auth:21.1.0] AndroidManifest.xml:29:13-46
106            android:exported="true"
106-->[com.google.firebase:firebase-auth:21.1.0] AndroidManifest.xml:30:13-36
107            android:launchMode="singleTask"
107-->[com.google.firebase:firebase-auth:21.1.0] AndroidManifest.xml:31:13-44
108            android:theme="@android:style/Theme.Translucent.NoTitleBar" >
108-->[com.google.firebase:firebase-auth:21.1.0] AndroidManifest.xml:32:13-72
109            <intent-filter>
109-->[com.google.firebase:firebase-auth:21.1.0] AndroidManifest.xml:33:13-43:29
110                <action android:name="android.intent.action.VIEW" />
110-->src/main/AndroidManifest.xml:34:13-65
110-->src/main/AndroidManifest.xml:34:21-62
111
112                <category android:name="android.intent.category.DEFAULT" />
112-->[com.google.firebase:firebase-auth:21.1.0] AndroidManifest.xml:36:17-76
112-->[com.google.firebase:firebase-auth:21.1.0] AndroidManifest.xml:36:27-73
113                <category android:name="android.intent.category.BROWSABLE" />
113-->[com.google.firebase:firebase-auth:21.1.0] AndroidManifest.xml:37:17-78
113-->[com.google.firebase:firebase-auth:21.1.0] AndroidManifest.xml:37:27-75
114
115                <data
115-->src/main/AndroidManifest.xml:35:13-43
116                    android:host="firebase.auth"
117                    android:path="/"
118                    android:scheme="genericidp" />
118-->src/main/AndroidManifest.xml:35:19-41
119            </intent-filter>
120        </activity>
121        <activity
121-->[com.google.firebase:firebase-auth:21.1.0] AndroidManifest.xml:45:9-62:20
122            android:name="com.google.firebase.auth.internal.RecaptchaActivity"
122-->[com.google.firebase:firebase-auth:21.1.0] AndroidManifest.xml:46:13-79
123            android:excludeFromRecents="true"
123-->[com.google.firebase:firebase-auth:21.1.0] AndroidManifest.xml:47:13-46
124            android:exported="true"
124-->[com.google.firebase:firebase-auth:21.1.0] AndroidManifest.xml:48:13-36
125            android:launchMode="singleTask"
125-->[com.google.firebase:firebase-auth:21.1.0] AndroidManifest.xml:49:13-44
126            android:theme="@android:style/Theme.Translucent.NoTitleBar" >
126-->[com.google.firebase:firebase-auth:21.1.0] AndroidManifest.xml:50:13-72
127            <intent-filter>
127-->[com.google.firebase:firebase-auth:21.1.0] AndroidManifest.xml:51:13-61:29
128                <action android:name="android.intent.action.VIEW" />
128-->src/main/AndroidManifest.xml:34:13-65
128-->src/main/AndroidManifest.xml:34:21-62
129
130                <category android:name="android.intent.category.DEFAULT" />
130-->[com.google.firebase:firebase-auth:21.1.0] AndroidManifest.xml:36:17-76
130-->[com.google.firebase:firebase-auth:21.1.0] AndroidManifest.xml:36:27-73
131                <category android:name="android.intent.category.BROWSABLE" />
131-->[com.google.firebase:firebase-auth:21.1.0] AndroidManifest.xml:37:17-78
131-->[com.google.firebase:firebase-auth:21.1.0] AndroidManifest.xml:37:27-75
132
133                <data
133-->src/main/AndroidManifest.xml:35:13-43
134                    android:host="firebase.auth"
135                    android:path="/"
136                    android:scheme="recaptcha" />
136-->src/main/AndroidManifest.xml:35:19-41
137            </intent-filter>
138        </activity>
139
140        <service
140-->[com.google.android.datatransport:transport-backend-cct:3.1.8] AndroidManifest.xml:28:9-34:19
141            android:name="com.google.android.datatransport.runtime.backends.TransportBackendDiscovery"
141-->[com.google.android.datatransport:transport-backend-cct:3.1.8] AndroidManifest.xml:29:13-103
142            android:exported="false" >
142-->[com.google.android.datatransport:transport-backend-cct:3.1.8] AndroidManifest.xml:30:13-37
143            <meta-data
143-->[com.google.android.datatransport:transport-backend-cct:3.1.8] AndroidManifest.xml:31:13-33:39
144                android:name="backend:com.google.android.datatransport.cct.CctBackendFactory"
144-->[com.google.android.datatransport:transport-backend-cct:3.1.8] AndroidManifest.xml:32:17-94
145                android:value="cct" />
145-->[com.google.android.datatransport:transport-backend-cct:3.1.8] AndroidManifest.xml:33:17-36
146        </service>
147        <service
147-->[com.google.android.datatransport:transport-runtime:3.1.8] AndroidManifest.xml:26:9-30:19
148            android:name="com.google.android.datatransport.runtime.scheduling.jobscheduling.JobInfoSchedulerService"
148-->[com.google.android.datatransport:transport-runtime:3.1.8] AndroidManifest.xml:27:13-117
149            android:exported="false"
149-->[com.google.android.datatransport:transport-runtime:3.1.8] AndroidManifest.xml:28:13-37
150            android:permission="android.permission.BIND_JOB_SERVICE" >
150-->[com.google.android.datatransport:transport-runtime:3.1.8] AndroidManifest.xml:29:13-69
151        </service>
152
153        <receiver
153-->[com.google.android.datatransport:transport-runtime:3.1.8] AndroidManifest.xml:32:9-34:40
154            android:name="com.google.android.datatransport.runtime.scheduling.jobscheduling.AlarmManagerSchedulerBroadcastReceiver"
154-->[com.google.android.datatransport:transport-runtime:3.1.8] AndroidManifest.xml:33:13-132
155            android:exported="false" />
155-->[com.google.android.datatransport:transport-runtime:3.1.8] AndroidManifest.xml:34:13-37
156
157        <provider
157-->[com.google.firebase:firebase-common:20.2.0] AndroidManifest.xml:25:9-30:39
158            android:name="com.google.firebase.provider.FirebaseInitProvider"
158-->[com.google.firebase:firebase-common:20.2.0] AndroidManifest.xml:26:13-77
159            android:authorities="appinventor.ai_app_beep_nl.BEEP_commissioning_V06.firebaseinitprovider"
159-->[com.google.firebase:firebase-common:20.2.0] AndroidManifest.xml:27:13-72
160            android:directBootAware="true"
160-->[com.google.firebase:firebase-common:20.2.0] AndroidManifest.xml:28:13-43
161            android:exported="false"
161-->[com.google.firebase:firebase-common:20.2.0] AndroidManifest.xml:29:13-37
162            android:initOrder="100" />
162-->[com.google.firebase:firebase-common:20.2.0] AndroidManifest.xml:30:13-36
163
164        <receiver
164-->[com.google.android.gms:play-services-measurement:21.2.0] AndroidManifest.xml:29:9-33:20
165            android:name="com.google.android.gms.measurement.AppMeasurementReceiver"
165-->[com.google.android.gms:play-services-measurement:21.2.0] AndroidManifest.xml:30:13-85
166            android:enabled="true"
166-->[com.google.android.gms:play-services-measurement:21.2.0] AndroidManifest.xml:31:13-35
167            android:exported="false" >
167-->[com.google.android.gms:play-services-measurement:21.2.0] AndroidManifest.xml:32:13-37
168        </receiver>
169
170        <service
170-->[com.google.android.gms:play-services-measurement:21.2.0] AndroidManifest.xml:35:9-38:40
171            android:name="com.google.android.gms.measurement.AppMeasurementService"
171-->[com.google.android.gms:play-services-measurement:21.2.0] AndroidManifest.xml:36:13-84
172            android:enabled="true"
172-->[com.google.android.gms:play-services-measurement:21.2.0] AndroidManifest.xml:37:13-35
173            android:exported="false" />
173-->[com.google.android.gms:play-services-measurement:21.2.0] AndroidManifest.xml:38:13-37
174        <service
174-->[com.google.android.gms:play-services-measurement:21.2.0] AndroidManifest.xml:39:9-43:72
175            android:name="com.google.android.gms.measurement.AppMeasurementJobService"
175-->[com.google.android.gms:play-services-measurement:21.2.0] AndroidManifest.xml:40:13-87
176            android:enabled="true"
176-->[com.google.android.gms:play-services-measurement:21.2.0] AndroidManifest.xml:41:13-35
177            android:exported="false"
177-->[com.google.android.gms:play-services-measurement:21.2.0] AndroidManifest.xml:42:13-37
178            android:permission="android.permission.BIND_JOB_SERVICE" />
178-->[com.google.android.gms:play-services-measurement:21.2.0] AndroidManifest.xml:43:13-69
179
180        <activity
180-->[com.google.android.gms:play-services-base:18.0.1] AndroidManifest.xml:20:9-22:45
181            android:name="com.google.android.gms.common.api.GoogleApiActivity"
181-->[com.google.android.gms:play-services-base:18.0.1] AndroidManifest.xml:20:19-85
182            android:exported="false"
182-->[com.google.android.gms:play-services-base:18.0.1] AndroidManifest.xml:22:19-43
183            android:theme="@android:style/Theme.Translucent.NoTitleBar" />
183-->[com.google.android.gms:play-services-base:18.0.1] AndroidManifest.xml:21:19-78
184
185        <meta-data
185-->[com.google.android.gms:play-services-basement:18.1.0] AndroidManifest.xml:21:9-23:69
186            android:name="com.google.android.gms.version"
186-->[com.google.android.gms:play-services-basement:18.1.0] AndroidManifest.xml:22:13-58
187            android:value="@integer/google_play_services_version" />
187-->[com.google.android.gms:play-services-basement:18.1.0] AndroidManifest.xml:23:13-66
188    </application>
189
190</manifest>